<?xml version="1.0" encoding="UTF-8"?>
<!-- Generated by org.testng.reporters.JUnitReportReporter -->
<testsuite hostname="LAPTOP-FI3VUDAV" name="primusbank.tests.AdminLoginTest" tests="1" failures="0" timestamp="19 May 2021 13:31:16 GMT" time="11.931" errors="0">
  <testcase name="checkAdminLogin" time="11.931" classname="primusbank.tests.AdminLoginTest"/>
</testsuite> <!-- primusbank.tests.AdminLoginTest -->
