<?xml version="1.0" encoding="UTF-8"?>
<!-- Generated by org.testng.reporters.JUnitReportReporter -->
<testsuite hostname="LAPTOP-FI3VUDAV" name="primusbank.tests.BankerLoginTest" tests="1" failures="0" timestamp="19 May 2021 13:31:16 GMT" time="3.089" errors="0">
  <testcase name="checkBankerLogin" time="3.089" classname="primusbank.tests.BankerLoginTest"/>
</testsuite> <!-- primusbank.tests.BankerLoginTest -->
